2020-12-03T14:45:33+00:00 CRITICAL Uncaught TypeError: call_user_func_array(): Argument #1 ($function) must be a valid callback, non-static method WP_Feed_Cache::create() cannot be called statically in C:\xampp\htdocs\wp-includes\SimplePie\Registry.php:214
Stack trace:
#0 C:\xampp\htdocs\wp-includes\class-simplepie.php(1412): SimplePie_Registry->call('Cache', 'get_handler', Array)
#1 C:\xampp\htdocs\wp-includes\feed.php(821): SimplePie->init()
#2 C:\xampp\htdocs\wp-content\plugins\dokan-lite\includes\REST\AdminDashboardController.php(89): fetch_feed('https://wedevs....')
#3 C:\xampp\htdocs\wp-includes\rest-api\class-wp-rest-server.php(1050): WeDevs\Dokan\REST\AdminDashboardController->get_feeds(Object(WP_REST_Request))
#4 C:\xampp\htdocs\wp-includes\rest-api\class-wp-rest-server.php(376): WP_REST_Server->dispatch(Object(WP_REST_Request))
#5 C:\xampp\htdocs\wp-includes\rest-api.php(339): WP_REST_Server->serve_request('/dokan/v1/admin...')
#6 C:\xampp\htdocs\wp-includes\class-wp-hook.php(287): rest_api_loaded(Object(WP))
#7 C:\xampp\htdocs\wp-includes\class-wp-hook.php(311): WP_Hook->apply_filters(NULL, Array)
#8 C:\xampp\htdocs\wp-includes\plugin.php(544): WP_Hook->do_action(Array)
#9 C:\xampp\htdocs\wp-includes\class-wp.php(388): do_action_ref_array('parse_request', Array)
#10 C:\xampp\htdocs\wp-includes\class-wp.php(745): WP->parse_request('')
#11 C:\xampp\htdocs\wp-includes\functions.php(1285): WP->main('')
#12 C:\xampp\htdocs\wp-blog-header.php(16): wp()
#13 C:\xampp\htdocs\index.php(17): require('C:\\xampp\\htdocs...')
#14 {main}
  thrown w C:\xampp\htdocs\wp-includes\SimplePie\Registry.php w linii 214

2020-12-03T14:49:12+00:00 CRITICAL Uncaught TypeError: call_user_func_array(): Argument #1 ($function) must be a valid callback, non-static method WP_Feed_Cache::create() cannot be called statically in C:\xampp\htdocs\wp-includes\SimplePie\Registry.php:214
Stack trace:
#0 C:\xampp\htdocs\wp-includes\class-simplepie.php(1412): SimplePie_Registry->call('Cache', 'get_handler', Array)
#1 C:\xampp\htdocs\wp-includes\feed.php(821): SimplePie->init()
#2 C:\xampp\htdocs\wp-content\plugins\dokan-lite\includes\REST\AdminDashboardController.php(89): fetch_feed('https://wedevs....')
#3 C:\xampp\htdocs\wp-includes\rest-api\class-wp-rest-server.php(1050): WeDevs\Dokan\REST\AdminDashboardController->get_feeds(Object(WP_REST_Request))
#4 C:\xampp\htdocs\wp-includes\rest-api\class-wp-rest-server.php(376): WP_REST_Server->dispatch(Object(WP_REST_Request))
#5 C:\xampp\htdocs\wp-includes\rest-api.php(339): WP_REST_Server->serve_request('/dokan/v1/admin...')
#6 C:\xampp\htdocs\wp-includes\class-wp-hook.php(287): rest_api_loaded(Object(WP))
#7 C:\xampp\htdocs\wp-includes\class-wp-hook.php(311): WP_Hook->apply_filters(NULL, Array)
#8 C:\xampp\htdocs\wp-includes\plugin.php(544): WP_Hook->do_action(Array)
#9 C:\xampp\htdocs\wp-includes\class-wp.php(388): do_action_ref_array('parse_request', Array)
#10 C:\xampp\htdocs\wp-includes\class-wp.php(745): WP->parse_request('')
#11 C:\xampp\htdocs\wp-includes\functions.php(1285): WP->main('')
#12 C:\xampp\htdocs\wp-blog-header.php(16): wp()
#13 C:\xampp\htdocs\index.php(17): require('C:\\xampp\\htdocs...')
#14 {main}
  thrown w C:\xampp\htdocs\wp-includes\SimplePie\Registry.php w linii 214

2020-12-03T14:56:00+00:00 CRITICAL Uncaught TypeError: call_user_func_array(): Argument #1 ($function) must be a valid callback, non-static method WP_Feed_Cache::create() cannot be called statically in C:\xampp\htdocs\wp-includes\SimplePie\Registry.php:214
Stack trace:
#0 C:\xampp\htdocs\wp-includes\class-simplepie.php(1412): SimplePie_Registry->call('Cache', 'get_handler', Array)
#1 C:\xampp\htdocs\wp-includes\feed.php(821): SimplePie->init()
#2 C:\xampp\htdocs\wp-content\plugins\dokan-lite\includes\REST\AdminDashboardController.php(89): fetch_feed('https://wedevs....')
#3 C:\xampp\htdocs\wp-includes\rest-api\class-wp-rest-server.php(1050): WeDevs\Dokan\REST\AdminDashboardController->get_feeds(Object(WP_REST_Request))
#4 C:\xampp\htdocs\wp-includes\rest-api\class-wp-rest-server.php(376): WP_REST_Server->dispatch(Object(WP_REST_Request))
#5 C:\xampp\htdocs\wp-includes\rest-api.php(339): WP_REST_Server->serve_request('/dokan/v1/admin...')
#6 C:\xampp\htdocs\wp-includes\class-wp-hook.php(287): rest_api_loaded(Object(WP))
#7 C:\xampp\htdocs\wp-includes\class-wp-hook.php(311): WP_Hook->apply_filters(NULL, Array)
#8 C:\xampp\htdocs\wp-includes\plugin.php(544): WP_Hook->do_action(Array)
#9 C:\xampp\htdocs\wp-includes\class-wp.php(388): do_action_ref_array('parse_request', Array)
#10 C:\xampp\htdocs\wp-includes\class-wp.php(745): WP->parse_request('')
#11 C:\xampp\htdocs\wp-includes\functions.php(1285): WP->main('')
#12 C:\xampp\htdocs\wp-blog-header.php(16): wp()
#13 C:\xampp\htdocs\index.php(17): require('C:\\xampp\\htdocs...')
#14 {main}
  thrown w C:\xampp\htdocs\wp-includes\SimplePie\Registry.php w linii 214

2020-12-03T15:00:24+00:00 CRITICAL Uncaught TypeError: call_user_func_array(): Argument #1 ($function) must be a valid callback, non-static method WP_Feed_Cache::create() cannot be called statically in C:\xampp\htdocs\wp-includes\SimplePie\Registry.php:214
Stack trace:
#0 C:\xampp\htdocs\wp-includes\class-simplepie.php(1412): SimplePie_Registry->call('Cache', 'get_handler', Array)
#1 C:\xampp\htdocs\wp-includes\feed.php(821): SimplePie->init()
#2 C:\xampp\htdocs\wp-content\plugins\dokan-lite\includes\REST\AdminDashboardController.php(89): fetch_feed('https://wedevs....')
#3 C:\xampp\htdocs\wp-includes\rest-api\class-wp-rest-server.php(1050): WeDevs\Dokan\REST\AdminDashboardController->get_feeds(Object(WP_REST_Request))
#4 C:\xampp\htdocs\wp-includes\rest-api\class-wp-rest-server.php(376): WP_REST_Server->dispatch(Object(WP_REST_Request))
#5 C:\xampp\htdocs\wp-includes\rest-api.php(339): WP_REST_Server->serve_request('/dokan/v1/admin...')
#6 C:\xampp\htdocs\wp-includes\class-wp-hook.php(287): rest_api_loaded(Object(WP))
#7 C:\xampp\htdocs\wp-includes\class-wp-hook.php(311): WP_Hook->apply_filters(NULL, Array)
#8 C:\xampp\htdocs\wp-includes\plugin.php(544): WP_Hook->do_action(Array)
#9 C:\xampp\htdocs\wp-includes\class-wp.php(388): do_action_ref_array('parse_request', Array)
#10 C:\xampp\htdocs\wp-includes\class-wp.php(745): WP->parse_request('')
#11 C:\xampp\htdocs\wp-includes\functions.php(1285): WP->main('')
#12 C:\xampp\htdocs\wp-blog-header.php(16): wp()
#13 C:\xampp\htdocs\index.php(17): require('C:\\xampp\\htdocs...')
#14 {main}
  thrown w C:\xampp\htdocs\wp-includes\SimplePie\Registry.php w linii 214

2020-12-03T15:10:56+00:00 CRITICAL Uncaught TypeError: call_user_func_array(): Argument #1 ($function) must be a valid callback, non-static method WP_Feed_Cache::create() cannot be called statically in C:\xampp\htdocs\wp-includes\SimplePie\Registry.php:214
Stack trace:
#0 C:\xampp\htdocs\wp-includes\class-simplepie.php(1412): SimplePie_Registry->call('Cache', 'get_handler', Array)
#1 C:\xampp\htdocs\wp-includes\feed.php(821): SimplePie->init()
#2 C:\xampp\htdocs\wp-content\plugins\dokan-lite\includes\REST\AdminDashboardController.php(89): fetch_feed('https://wedevs....')
#3 C:\xampp\htdocs\wp-includes\rest-api\class-wp-rest-server.php(1050): WeDevs\Dokan\REST\AdminDashboardController->get_feeds(Object(WP_REST_Request))
#4 C:\xampp\htdocs\wp-includes\rest-api\class-wp-rest-server.php(376): WP_REST_Server->dispatch(Object(WP_REST_Request))
#5 C:\xampp\htdocs\wp-includes\rest-api.php(339): WP_REST_Server->serve_request('/dokan/v1/admin...')
#6 C:\xampp\htdocs\wp-includes\class-wp-hook.php(287): rest_api_loaded(Object(WP))
#7 C:\xampp\htdocs\wp-includes\class-wp-hook.php(311): WP_Hook->apply_filters(NULL, Array)
#8 C:\xampp\htdocs\wp-includes\plugin.php(544): WP_Hook->do_action(Array)
#9 C:\xampp\htdocs\wp-includes\class-wp.php(388): do_action_ref_array('parse_request', Array)
#10 C:\xampp\htdocs\wp-includes\class-wp.php(745): WP->parse_request('')
#11 C:\xampp\htdocs\wp-includes\functions.php(1285): WP->main('')
#12 C:\xampp\htdocs\wp-blog-header.php(16): wp()
#13 C:\xampp\htdocs\index.php(17): require('C:\\xampp\\htdocs...')
#14 {main}
  thrown w C:\xampp\htdocs\wp-includes\SimplePie\Registry.php w linii 214

2020-12-03T15:11:47+00:00 CRITICAL Uncaught TypeError: call_user_func_array(): Argument #1 ($function) must be a valid callback, non-static method WP_Feed_Cache::create() cannot be called statically in C:\xampp\htdocs\wp-includes\SimplePie\Registry.php:214
Stack trace:
#0 C:\xampp\htdocs\wp-includes\class-simplepie.php(1412): SimplePie_Registry->call('Cache', 'get_handler', Array)
#1 C:\xampp\htdocs\wp-includes\feed.php(821): SimplePie->init()
#2 C:\xampp\htdocs\wp-content\plugins\dokan-lite\includes\REST\AdminDashboardController.php(89): fetch_feed('https://wedevs....')
#3 C:\xampp\htdocs\wp-includes\rest-api\class-wp-rest-server.php(1050): WeDevs\Dokan\REST\AdminDashboardController->get_feeds(Object(WP_REST_Request))
#4 C:\xampp\htdocs\wp-includes\rest-api\class-wp-rest-server.php(376): WP_REST_Server->dispatch(Object(WP_REST_Request))
#5 C:\xampp\htdocs\wp-includes\rest-api.php(339): WP_REST_Server->serve_request('/dokan/v1/admin...')
#6 C:\xampp\htdocs\wp-includes\class-wp-hook.php(287): rest_api_loaded(Object(WP))
#7 C:\xampp\htdocs\wp-includes\class-wp-hook.php(311): WP_Hook->apply_filters(NULL, Array)
#8 C:\xampp\htdocs\wp-includes\plugin.php(544): WP_Hook->do_action(Array)
#9 C:\xampp\htdocs\wp-includes\class-wp.php(388): do_action_ref_array('parse_request', Array)
#10 C:\xampp\htdocs\wp-includes\class-wp.php(745): WP->parse_request('')
#11 C:\xampp\htdocs\wp-includes\functions.php(1285): WP->main('')
#12 C:\xampp\htdocs\wp-blog-header.php(16): wp()
#13 C:\xampp\htdocs\index.php(17): require('C:\\xampp\\htdocs...')
#14 {main}
  thrown w C:\xampp\htdocs\wp-includes\SimplePie\Registry.php w linii 214

2020-12-03T15:14:30+00:00 CRITICAL Uncaught TypeError: call_user_func_array(): Argument #1 ($function) must be a valid callback, non-static method WP_Feed_Cache::create() cannot be called statically in C:\xampp\htdocs\wp-includes\SimplePie\Registry.php:214
Stack trace:
#0 C:\xampp\htdocs\wp-includes\class-simplepie.php(1412): SimplePie_Registry->call('Cache', 'get_handler', Array)
#1 C:\xampp\htdocs\wp-includes\feed.php(821): SimplePie->init()
#2 C:\xampp\htdocs\wp-content\plugins\dokan-lite\includes\REST\AdminDashboardController.php(89): fetch_feed('https://wedevs....')
#3 C:\xampp\htdocs\wp-includes\rest-api\class-wp-rest-server.php(1050): WeDevs\Dokan\REST\AdminDashboardController->get_feeds(Object(WP_REST_Request))
#4 C:\xampp\htdocs\wp-includes\rest-api\class-wp-rest-server.php(376): WP_REST_Server->dispatch(Object(WP_REST_Request))
#5 C:\xampp\htdocs\wp-includes\rest-api.php(339): WP_REST_Server->serve_request('/dokan/v1/admin...')
#6 C:\xampp\htdocs\wp-includes\class-wp-hook.php(287): rest_api_loaded(Object(WP))
#7 C:\xampp\htdocs\wp-includes\class-wp-hook.php(311): WP_Hook->apply_filters(NULL, Array)
#8 C:\xampp\htdocs\wp-includes\plugin.php(544): WP_Hook->do_action(Array)
#9 C:\xampp\htdocs\wp-includes\class-wp.php(388): do_action_ref_array('parse_request', Array)
#10 C:\xampp\htdocs\wp-includes\class-wp.php(745): WP->parse_request('')
#11 C:\xampp\htdocs\wp-includes\functions.php(1285): WP->main('')
#12 C:\xampp\htdocs\wp-blog-header.php(16): wp()
#13 C:\xampp\htdocs\index.php(17): require('C:\\xampp\\htdocs...')
#14 {main}
  thrown w C:\xampp\htdocs\wp-includes\SimplePie\Registry.php w linii 214

